<?xml version="1.0" encoding="UTF-8"?>
<!-- Generated by org.testng.reporters.JUnitXMLReporter -->
<testsuite ignored="1" hostname="Khosruzs-MacBook-Pro.local" failures="0" tests="9" name="Home Page Functions" time="37.83" errors="0" timestamp="2024-09-10T15:35:33 EDT">
  <testcase classname="com.Tests.HomePageTest" name="pageTitleTest" time="0.074"/>
  <testcase classname="com.Tests.HomePageTest" name="headerManueListTest" time="1.732"/>
  <testcase classname="com.Tests.HomePageTest" name="homeManueDisplayTest" time="0.275"/>
  <testcase classname="com.Tests.HomePageTest" name="productsMenueDisplayTest" time="0.24"/>
  <testcase classname="com.Tests.HomePageTest" name="scarfManuDisplayTest" time="0.191"/>
  <testcase classname="com.Tests.HomePageTest" name="underCapManuDisplayTest" time="0.281"/>
  <testcase classname="com.Tests.HomePageTest" name="scarfPinManuDisplayTest" time="0.24"/>
  <testcase classname="com.Tests.HomePageTest" name="aboutMenueDisplayTest" time="0.199"/>
  <testcase classname="com.Tests.HomePageTest" name="contactMenueDisplayTest" time="0.406"/>
  <testcase classname="com.Tests.HomePageTest" name="accountListTest" time="0.0">
    <ignored/>
  </testcase> <!-- accountListTest -->
</testsuite> <!-- Home Page Functions -->
