<?xml version="1.0" encoding="UTF-8"?>
<!-- Generated by org.testng.reporters.JUnitXMLReporter -->
<testsuite ignored="0" hostname="Khosruzs-MacBook-Pro.local" failures="0" tests="6" name="Products Page" time="25.91" errors="0" timestamp="2024-09-10T15:35:59 EDT">
  <testcase classname="com.Tests.AllProductsPageTest" name="pageTitleTest" time="0.179"/>
  <testcase classname="com.Tests.AllProductsPageTest" name="selectByCategoryTest" time="0.653"/>
  <testcase classname="com.Tests.AllProductsPageTest" name="showingProductsCount" time="0.288"/>
  <testcase classname="com.Tests.AllProductsPageTest" name="displayedItemTest" time="0.159"/>
  <testcase classname="com.Tests.AllProductsPageTest" name="firstPageValidationTest" time="0.366"/>
  <testcase classname="com.Tests.AllProductsPageTest" name="secondPageValidationTest" time="0.539"/>
</testsuite> <!-- Products Page -->
