<?xml version="1.0" encoding="UTF-8"?>
<!-- Generated by org.testng.reporters.JUnitXMLReporter -->
<testsuite ignored="1" hostname="Khosruzs-MacBook-Pro.local" failures="0" tests="1" name="Default test" time="7.498" errors="0" timestamp="2024-10-19T11:55:37 EDT">
  <testcase classname="com.Tests.LoginPageTest" name="pageTitleTest" time="0.026"/>
  <testcase classname="com.Tests.LoginPageTest" name="loginWithValidCredentials" time="0.0">
    <ignored/>
  </testcase> <!-- loginWithValidCredentials -->
</testsuite> <!-- Default test -->
