<?xml version="1.0" encoding="UTF-8"?>
<!-- Generated by org.testng.reporters.JUnitXMLReporter -->
<testsuite ignored="1" hostname="Khosruzs-MacBook-Pro.local" failures="0" tests="1" name="Default test" time="9.463" errors="0" timestamp="2024-09-17T16:08:21 EDT">
  <testcase classname="com.Tests.LoginPageTest" name="loginWithValidCredentials" time="4.261"/>
  <testcase classname="com.Tests.LoginPageTest" name="pageTitleTest" time="0.0">
    <ignored/>
  </testcase> <!-- pageTitleTest -->
</testsuite> <!-- Default test -->
