<?xml version="1.0" encoding="UTF-8"?>
<!-- Generated by org.testng.reporters.JUnitXMLReporter -->
<testsuite ignored="0" hostname="Khosruzs-MacBook-Pro.local" failures="0" tests="9" name="Home Page Headers Functions" time="33.357" errors="0" timestamp="2024-09-06T10:29:42 EDT">
  <testcase classname="com.Tests.HomePageTest" name="pageTitleTest" time="0.104"/>
  <testcase classname="com.Tests.HomePageTest" name="headerManueListTest" time="1.349"/>
  <testcase classname="com.Tests.HomePageTest" name="homeManueDisplayTest" time="0.067"/>
  <testcase classname="com.Tests.HomePageTest" name="productsMenueDisplayTest" time="0.069"/>
  <testcase classname="com.Tests.HomePageTest" name="scarfManuDisplayTest" time="0.063"/>
  <testcase classname="com.Tests.HomePageTest" name="underCapManuDisplayTest" time="0.063"/>
  <testcase classname="com.Tests.HomePageTest" name="scarfPinManuDisplayTest" time="0.053"/>
  <testcase classname="com.Tests.HomePageTest" name="aboutMenueDisplayTest" time="0.068"/>
  <testcase classname="com.Tests.HomePageTest" name="contactMenueDisplayTest" time="0.063"/>
</testsuite> <!-- Home Page Headers Functions -->
