<?xml version="1.0" encoding="UTF-8"?>
<testng-results ignored="1" total="18" passed="17" failed="0" skipped="0">
  <reporter-output>
  </reporter-output>
  <suite started-at="2024-10-19T11:52:22 EDT" name="Anika Hijab Automation Suit" finished-at="2024-10-19T11:54:07 EDT" duration-ms="105438">
    <groups>
      <group name="Sanity Test">
        <method signature="LoginPageTest.pageTitleTest()[pri:0, instance:com.Tests.LoginPageTest@1ae67cad]" name="pageTitleTest" class="com.Tests.LoginPageTest"/>
      </group> <!-- Sanity Test -->
      <group name="Smoke Testing">
        <method signature="AllProductsPageTest.pageTitleTest()[pri:0, instance:com.Tests.AllProductsPageTest@33aeca0b]" name="pageTitleTest" class="com.Tests.AllProductsPageTest"/>
      </group> <!-- Smoke Testing -->
      <group name="Regression Test">
        <method signature="LoginPageTest.loginWithValidCredentials()[pri:1, instance:com.Tests.LoginPageTest@1ae67cad]" name="loginWithValidCredentials" class="com.Tests.LoginPageTest"/>
      </group> <!-- Regression Test -->
      <group name="Smoke Test">
        <method signature="HomePageTest.headerManueListTest()[pri:0, instance:com.Tests.HomePageTest@23d1e5d0]" name="headerManueListTest" class="com.Tests.HomePageTest"/>
      </group> <!-- Smoke Test -->
      <group name="Integration Testing">
        <method signature="AllProductsPageTest.displayedItemTest()[pri:0, instance:com.Tests.AllProductsPageTest@33aeca0b]" name="displayedItemTest" class="com.Tests.AllProductsPageTest"/>
        <method signature="AllProductsPageTest.firstPageValidationTest()[pri:0, instance:com.Tests.AllProductsPageTest@33aeca0b]" name="firstPageValidationTest" class="com.Tests.AllProductsPageTest"/>
        <method signature="AllProductsPageTest.secondPageValidationTest()[pri:0, instance:com.Tests.AllProductsPageTest@33aeca0b]" name="secondPageValidationTest" class="com.Tests.AllProductsPageTest"/>
        <method signature="AllProductsPageTest.selectByCategoryTest()[pri:0, instance:com.Tests.AllProductsPageTest@33aeca0b]" name="selectByCategoryTest" class="com.Tests.AllProductsPageTest"/>
        <method signature="AllProductsPageTest.showingProductsCount()[pri:0, instance:com.Tests.AllProductsPageTest@33aeca0b]" name="showingProductsCount" class="com.Tests.AllProductsPageTest"/>
      </group> <!-- Integration Testing -->
      <group name="Home Page Headers Functions">
        <method signature="HomePageTest.aboutMenueDisplayTest()[pri:0, instance:com.Tests.HomePageTest@23d1e5d0]" name="aboutMenueDisplayTest" class="com.Tests.HomePageTest"/>
        <method signature="HomePageTest.contactMenueDisplayTest()[pri:0, instance:com.Tests.HomePageTest@23d1e5d0]" name="contactMenueDisplayTest" class="com.Tests.HomePageTest"/>
        <method signature="HomePageTest.homeManueDisplayTest()[pri:0, instance:com.Tests.HomePageTest@23d1e5d0]" name="homeManueDisplayTest" class="com.Tests.HomePageTest"/>
        <method signature="HomePageTest.pageTitleTest()[pri:0, instance:com.Tests.HomePageTest@23d1e5d0]" name="pageTitleTest" class="com.Tests.HomePageTest"/>
        <method signature="HomePageTest.productsMenueDisplayTest()[pri:0, instance:com.Tests.HomePageTest@23d1e5d0]" name="productsMenueDisplayTest" class="com.Tests.HomePageTest"/>
        <method signature="HomePageTest.scarfManuDisplayTest()[pri:0, instance:com.Tests.HomePageTest@23d1e5d0]" name="scarfManuDisplayTest" class="com.Tests.HomePageTest"/>
        <method signature="HomePageTest.scarfPinManuDisplayTest()[pri:0, instance:com.Tests.HomePageTest@23d1e5d0]" name="scarfPinManuDisplayTest" class="com.Tests.HomePageTest"/>
        <method signature="HomePageTest.underCapManuDisplayTest()[pri:0, instance:com.Tests.HomePageTest@23d1e5d0]" name="underCapManuDisplayTest" class="com.Tests.HomePageTest"/>
      </group> <!-- Home Page Headers Functions -->
    </groups>
    <test started-at="2024-10-19T11:52:22 EDT" name="Home Page Functionalities" finished-at="2024-10-19T11:53:13 EDT" duration-ms="51321">
      <class name="com.Tests.HomePageTest">
        <test-method is-config="true" signature="tearUp()[pri:0, instance:com.Tests.HomePageTest@23d1e5d0]" started-at="2024-10-19T11:52:22 EDT" name="tearUp" finished-at="2024-10-19T11:52:28 EDT" duration-ms="6003" status="PASS">
          <reporter-output>
          </reporter-output>
        </test-method> <!-- tearUp -->
        <test-method signature="pageTitleTest()[pri:0, instance:com.Tests.HomePageTest@23d1e5d0]" started-at="2024-10-19T11:52:28 EDT" name="pageTitleTest" finished-at="2024-10-19T11:52:28 EDT" duration-ms="24" status="PASS">
          <reporter-output>
          </reporter-output>
        </test-method> <!-- pageTitleTest -->
        <test-method is-config="true" signature="tearDown()[pri:0, instance:com.Tests.HomePageTest@23d1e5d0]" started-at="2024-10-19T11:52:28 EDT" name="tearDown" finished-at="2024-10-19T11:52:29 EDT" duration-ms="687" status="PASS">
          <reporter-output>
          </reporter-output>
        </test-method> <!-- tearDown -->
        <test-method is-config="true" signature="tearUp()[pri:0, instance:com.Tests.HomePageTest@23d1e5d0]" started-at="2024-10-19T11:52:29 EDT" name="tearUp" finished-at="2024-10-19T11:52:33 EDT" duration-ms="4497" status="PASS">
          <reporter-output>
          </reporter-output>
        </test-method> <!-- tearUp -->
        <test-method signature="headerManueListTest()[pri:0, instance:com.Tests.HomePageTest@23d1e5d0]" started-at="2024-10-19T11:52:33 EDT" name="headerManueListTest" finished-at="2024-10-19T11:52:34 EDT" duration-ms="622" status="PASS">
          <reporter-output>
          </reporter-output>
        </test-method> <!-- headerManueListTest -->
        <test-method is-config="true" signature="tearDown()[pri:0, instance:com.Tests.HomePageTest@23d1e5d0]" started-at="2024-10-19T11:52:34 EDT" name="tearDown" finished-at="2024-10-19T11:52:34 EDT" duration-ms="640" status="PASS">
          <reporter-output>
          </reporter-output>
        </test-method> <!-- tearDown -->
        <test-method is-config="true" signature="tearUp()[pri:0, instance:com.Tests.HomePageTest@23d1e5d0]" started-at="2024-10-19T11:52:34 EDT" name="tearUp" finished-at="2024-10-19T11:52:39 EDT" duration-ms="4968" status="PASS">
          <reporter-output>
          </reporter-output>
        </test-method> <!-- tearUp -->
        <test-method signature="homeManueDisplayTest()[pri:0, instance:com.Tests.HomePageTest@23d1e5d0]" started-at="2024-10-19T11:52:39 EDT" name="homeManueDisplayTest" finished-at="2024-10-19T11:52:39 EDT" duration-ms="58" status="PASS">
          <reporter-output>
          </reporter-output>
        </test-method> <!-- homeManueDisplayTest -->
        <test-method is-config="true" signature="tearDown()[pri:0, instance:com.Tests.HomePageTest@23d1e5d0]" started-at="2024-10-19T11:52:39 EDT" name="tearDown" finished-at="2024-10-19T11:52:40 EDT" duration-ms="640" status="PASS">
          <reporter-output>
          </reporter-output>
        </test-method> <!-- tearDown -->
        <test-method is-config="true" signature="tearUp()[pri:0, instance:com.Tests.HomePageTest@23d1e5d0]" started-at="2024-10-19T11:52:40 EDT" name="tearUp" finished-at="2024-10-19T11:52:45 EDT" duration-ms="4797" status="PASS">
          <reporter-output>
          </reporter-output>
        </test-method> <!-- tearUp -->
        <test-method signature="productsMenueDisplayTest()[pri:0, instance:com.Tests.HomePageTest@23d1e5d0]" started-at="2024-10-19T11:52:45 EDT" name="productsMenueDisplayTest" finished-at="2024-10-19T11:52:45 EDT" duration-ms="119" status="PASS">
          <reporter-output>
          </reporter-output>
        </test-method> <!-- productsMenueDisplayTest -->
        <test-method is-config="true" signature="tearDown()[pri:0, instance:com.Tests.HomePageTest@23d1e5d0]" started-at="2024-10-19T11:52:45 EDT" name="tearDown" finished-at="2024-10-19T11:52:46 EDT" duration-ms="1068" status="PASS">
          <reporter-output>
          </reporter-output>
        </test-method> <!-- tearDown -->
        <test-method is-config="true" signature="tearUp()[pri:0, instance:com.Tests.HomePageTest@23d1e5d0]" started-at="2024-10-19T11:52:46 EDT" name="tearUp" finished-at="2024-10-19T11:52:51 EDT" duration-ms="4734" status="PASS">
          <reporter-output>
          </reporter-output>
        </test-method> <!-- tearUp -->
        <test-method signature="scarfManuDisplayTest()[pri:0, instance:com.Tests.HomePageTest@23d1e5d0]" started-at="2024-10-19T11:52:51 EDT" name="scarfManuDisplayTest" finished-at="2024-10-19T11:52:51 EDT" duration-ms="65" status="PASS">
          <reporter-output>
          </reporter-output>
        </test-method> <!-- scarfManuDisplayTest -->
        <test-method is-config="true" signature="tearDown()[pri:0, instance:com.Tests.HomePageTest@23d1e5d0]" started-at="2024-10-19T11:52:51 EDT" name="tearDown" finished-at="2024-10-19T11:52:51 EDT" duration-ms="625" status="PASS">
          <reporter-output>
          </reporter-output>
        </test-method> <!-- tearDown -->
        <test-method is-config="true" signature="tearUp()[pri:0, instance:com.Tests.HomePageTest@23d1e5d0]" started-at="2024-10-19T11:52:51 EDT" name="tearUp" finished-at="2024-10-19T11:52:56 EDT" duration-ms="4664" status="PASS">
          <reporter-output>
          </reporter-output>
        </test-method> <!-- tearUp -->
        <test-method signature="underCapManuDisplayTest()[pri:0, instance:com.Tests.HomePageTest@23d1e5d0]" started-at="2024-10-19T11:52:56 EDT" name="underCapManuDisplayTest" finished-at="2024-10-19T11:52:56 EDT" duration-ms="73" status="PASS">
          <reporter-output>
          </reporter-output>
        </test-method> <!-- underCapManuDisplayTest -->
        <test-method is-config="true" signature="tearDown()[pri:0, instance:com.Tests.HomePageTest@23d1e5d0]" started-at="2024-10-19T11:52:56 EDT" name="tearDown" finished-at="2024-10-19T11:52:57 EDT" duration-ms="678" status="PASS">
          <reporter-output>
          </reporter-output>
        </test-method> <!-- tearDown -->
        <test-method is-config="true" signature="tearUp()[pri:0, instance:com.Tests.HomePageTest@23d1e5d0]" started-at="2024-10-19T11:52:57 EDT" name="tearUp" finished-at="2024-10-19T11:53:01 EDT" duration-ms="4596" status="PASS">
          <reporter-output>
          </reporter-output>
        </test-method> <!-- tearUp -->
        <test-method signature="scarfPinManuDisplayTest()[pri:0, instance:com.Tests.HomePageTest@23d1e5d0]" started-at="2024-10-19T11:53:01 EDT" name="scarfPinManuDisplayTest" finished-at="2024-10-19T11:53:02 EDT" duration-ms="77" status="PASS">
          <reporter-output>
          </reporter-output>
        </test-method> <!-- scarfPinManuDisplayTest -->
        <test-method is-config="true" signature="tearDown()[pri:0, instance:com.Tests.HomePageTest@23d1e5d0]" started-at="2024-10-19T11:53:02 EDT" name="tearDown" finished-at="2024-10-19T11:53:02 EDT" duration-ms="659" status="PASS">
          <reporter-output>
          </reporter-output>
        </test-method> <!-- tearDown -->
        <test-method is-config="true" signature="tearUp()[pri:0, instance:com.Tests.HomePageTest@23d1e5d0]" started-at="2024-10-19T11:53:02 EDT" name="tearUp" finished-at="2024-10-19T11:53:07 EDT" duration-ms="4674" status="PASS">
          <reporter-output>
          </reporter-output>
        </test-method> <!-- tearUp -->
        <test-method signature="aboutMenueDisplayTest()[pri:0, instance:com.Tests.HomePageTest@23d1e5d0]" started-at="2024-10-19T11:53:07 EDT" name="aboutMenueDisplayTest" finished-at="2024-10-19T11:53:07 EDT" duration-ms="84" status="PASS">
          <reporter-output>
          </reporter-output>
        </test-method> <!-- aboutMenueDisplayTest -->
        <test-method is-config="true" signature="tearDown()[pri:0, instance:com.Tests.HomePageTest@23d1e5d0]" started-at="2024-10-19T11:53:07 EDT" name="tearDown" finished-at="2024-10-19T11:53:08 EDT" duration-ms="678" status="PASS">
          <reporter-output>
          </reporter-output>
        </test-method> <!-- tearDown -->
        <test-method is-config="true" signature="tearUp()[pri:0, instance:com.Tests.HomePageTest@23d1e5d0]" started-at="2024-10-19T11:53:08 EDT" name="tearUp" finished-at="2024-10-19T11:53:12 EDT" duration-ms="4730" status="PASS">
          <reporter-output>
          </reporter-output>
        </test-method> <!-- tearUp -->
        <test-method signature="contactMenueDisplayTest()[pri:0, instance:com.Tests.HomePageTest@23d1e5d0]" started-at="2024-10-19T11:53:12 EDT" name="contactMenueDisplayTest" finished-at="2024-10-19T11:53:12 EDT" duration-ms="86" status="PASS">
          <reporter-output>
          </reporter-output>
        </test-method> <!-- contactMenueDisplayTest -->
        <test-method is-config="true" signature="tearDown()[pri:0, instance:com.Tests.HomePageTest@23d1e5d0]" started-at="2024-10-19T11:53:12 EDT" name="tearDown" finished-at="2024-10-19T11:53:13 EDT" duration-ms="663" status="PASS">
          <reporter-output>
          </reporter-output>
        </test-method> <!-- tearDown -->
      </class> <!-- com.Tests.HomePageTest -->
    </test> <!-- Home Page Functionalities -->
    <test started-at="2024-10-19T11:53:13 EDT" name="Products Page Functionalities" finished-at="2024-10-19T11:53:50 EDT" duration-ms="36912">
      <class name="com.Tests.AllProductsPageTest">
        <test-method is-config="true" signature="tearUp()[pri:0, instance:com.Tests.AllProductsPageTest@33aeca0b]" started-at="2024-10-19T11:53:13 EDT" name="tearUp" finished-at="2024-10-19T11:53:18 EDT" duration-ms="4969" status="PASS">
          <reporter-output>
          </reporter-output>
        </test-method> <!-- tearUp -->
        <test-method signature="pageTitleTest()[pri:0, instance:com.Tests.AllProductsPageTest@33aeca0b]" started-at="2024-10-19T11:53:18 EDT" name="pageTitleTest" finished-at="2024-10-19T11:53:18 EDT" duration-ms="3" status="PASS">
          <reporter-output>
          </reporter-output>
        </test-method> <!-- pageTitleTest -->
        <test-method is-config="true" signature="tearDown()[pri:0, instance:com.Tests.AllProductsPageTest@33aeca0b]" started-at="2024-10-19T11:53:18 EDT" name="tearDown" finished-at="2024-10-19T11:53:19 EDT" duration-ms="680" status="PASS">
          <reporter-output>
          </reporter-output>
        </test-method> <!-- tearDown -->
        <test-method is-config="true" signature="tearUp()[pri:0, instance:com.Tests.AllProductsPageTest@33aeca0b]" started-at="2024-10-19T11:53:19 EDT" name="tearUp" finished-at="2024-10-19T11:53:24 EDT" duration-ms="5055" status="PASS">
          <reporter-output>
          </reporter-output>
        </test-method> <!-- tearUp -->
        <test-method signature="selectByCategoryTest()[pri:0, instance:com.Tests.AllProductsPageTest@33aeca0b]" started-at="2024-10-19T11:53:24 EDT" name="selectByCategoryTest" finished-at="2024-10-19T11:53:24 EDT" duration-ms="490" status="PASS">
          <reporter-output>
          </reporter-output>
        </test-method> <!-- selectByCategoryTest -->
        <test-method is-config="true" signature="tearDown()[pri:0, instance:com.Tests.AllProductsPageTest@33aeca0b]" started-at="2024-10-19T11:53:24 EDT" name="tearDown" finished-at="2024-10-19T11:53:25 EDT" duration-ms="706" status="PASS">
          <reporter-output>
          </reporter-output>
        </test-method> <!-- tearDown -->
        <test-method is-config="true" signature="tearUp()[pri:0, instance:com.Tests.AllProductsPageTest@33aeca0b]" started-at="2024-10-19T11:53:25 EDT" name="tearUp" finished-at="2024-10-19T11:53:31 EDT" duration-ms="6160" status="PASS">
          <reporter-output>
          </reporter-output>
        </test-method> <!-- tearUp -->
        <test-method signature="showingProductsCount()[pri:0, instance:com.Tests.AllProductsPageTest@33aeca0b]" started-at="2024-10-19T11:53:31 EDT" name="showingProductsCount" finished-at="2024-10-19T11:53:31 EDT" duration-ms="19" status="PASS">
          <reporter-output>
          </reporter-output>
        </test-method> <!-- showingProductsCount -->
        <test-method is-config="true" signature="tearDown()[pri:0, instance:com.Tests.AllProductsPageTest@33aeca0b]" started-at="2024-10-19T11:53:31 EDT" name="tearDown" finished-at="2024-10-19T11:53:32 EDT" duration-ms="678" status="PASS">
          <reporter-output>
          </reporter-output>
        </test-method> <!-- tearDown -->
        <test-method is-config="true" signature="tearUp()[pri:0, instance:com.Tests.AllProductsPageTest@33aeca0b]" started-at="2024-10-19T11:53:32 EDT" name="tearUp" finished-at="2024-10-19T11:53:37 EDT" duration-ms="4946" status="PASS">
          <reporter-output>
          </reporter-output>
        </test-method> <!-- tearUp -->
        <test-method signature="displayedItemTest()[pri:0, instance:com.Tests.AllProductsPageTest@33aeca0b]" started-at="2024-10-19T11:53:37 EDT" name="displayedItemTest" finished-at="2024-10-19T11:53:37 EDT" duration-ms="5" status="PASS">
          <reporter-output>
          </reporter-output>
        </test-method> <!-- displayedItemTest -->
        <test-method is-config="true" signature="tearDown()[pri:0, instance:com.Tests.AllProductsPageTest@33aeca0b]" started-at="2024-10-19T11:53:37 EDT" name="tearDown" finished-at="2024-10-19T11:53:38 EDT" duration-ms="679" status="PASS">
          <reporter-output>
          </reporter-output>
        </test-method> <!-- tearDown -->
        <test-method is-config="true" signature="tearUp()[pri:0, instance:com.Tests.AllProductsPageTest@33aeca0b]" started-at="2024-10-19T11:53:38 EDT" name="tearUp" finished-at="2024-10-19T11:53:43 EDT" duration-ms="5105" status="PASS">
          <reporter-output>
          </reporter-output>
        </test-method> <!-- tearUp -->
        <test-method signature="firstPageValidationTest()[pri:0, instance:com.Tests.AllProductsPageTest@33aeca0b]" started-at="2024-10-19T11:53:43 EDT" name="firstPageValidationTest" finished-at="2024-10-19T11:53:43 EDT" duration-ms="238" status="PASS">
          <reporter-output>
          </reporter-output>
        </test-method> <!-- firstPageValidationTest -->
        <test-method is-config="true" signature="tearDown()[pri:0, instance:com.Tests.AllProductsPageTest@33aeca0b]" started-at="2024-10-19T11:53:43 EDT" name="tearDown" finished-at="2024-10-19T11:53:44 EDT" duration-ms="722" status="PASS">
          <reporter-output>
          </reporter-output>
        </test-method> <!-- tearDown -->
        <test-method is-config="true" signature="tearUp()[pri:0, instance:com.Tests.AllProductsPageTest@33aeca0b]" started-at="2024-10-19T11:53:44 EDT" name="tearUp" finished-at="2024-10-19T11:53:49 EDT" duration-ms="5448" status="PASS">
          <reporter-output>
          </reporter-output>
        </test-method> <!-- tearUp -->
        <test-method signature="secondPageValidationTest()[pri:0, instance:com.Tests.AllProductsPageTest@33aeca0b]" started-at="2024-10-19T11:53:49 EDT" name="secondPageValidationTest" finished-at="2024-10-19T11:53:49 EDT" duration-ms="306" status="PASS">
          <reporter-output>
          </reporter-output>
        </test-method> <!-- secondPageValidationTest -->
        <test-method is-config="true" signature="tearDown()[pri:0, instance:com.Tests.AllProductsPageTest@33aeca0b]" started-at="2024-10-19T11:53:49 EDT" name="tearDown" finished-at="2024-10-19T11:53:50 EDT" duration-ms="684" status="PASS">
          <reporter-output>
          </reporter-output>
        </test-method> <!-- tearDown -->
      </class> <!-- com.Tests.AllProductsPageTest -->
    </test> <!-- Products Page Functionalities -->
    <test started-at="2024-10-19T11:53:50 EDT" name="Login Functionalities" finished-at="2024-10-19T11:54:07 EDT" duration-ms="17186">
      <class name="com.Tests.LoginPageTest">
        <test-method is-config="true" signature="tearUp()[pri:0, instance:com.Tests.LoginPageTest@1ae67cad]" started-at="2024-10-19T11:53:50 EDT" name="tearUp" finished-at="2024-10-19T11:53:56 EDT" duration-ms="5886" status="PASS">
          <reporter-output>
          </reporter-output>
        </test-method> <!-- tearUp -->
        <test-method signature="pageTitleTest()[pri:0, instance:com.Tests.LoginPageTest@1ae67cad]" started-at="2024-10-19T11:53:56 EDT" name="pageTitleTest" finished-at="2024-10-19T11:53:56 EDT" duration-ms="5" status="PASS">
          <reporter-output>
          </reporter-output>
        </test-method> <!-- pageTitleTest -->
        <test-method is-config="true" signature="tearDown()[pri:0, instance:com.Tests.LoginPageTest@1ae67cad]" started-at="2024-10-19T11:53:56 EDT" name="tearDown" finished-at="2024-10-19T11:53:57 EDT" duration-ms="693" status="PASS">
          <reporter-output>
          </reporter-output>
        </test-method> <!-- tearDown -->
        <test-method is-config="true" signature="tearUp()[pri:0, instance:com.Tests.LoginPageTest@1ae67cad]" started-at="2024-10-19T11:53:57 EDT" name="tearUp" finished-at="2024-10-19T11:54:02 EDT" duration-ms="5654" status="PASS">
          <reporter-output>
          </reporter-output>
        </test-method> <!-- tearUp -->
        <test-method signature="loginWithValidCredentials()[pri:1, instance:com.Tests.LoginPageTest@1ae67cad]" started-at="2024-10-19T11:54:02 EDT" name="loginWithValidCredentials" finished-at="2024-10-19T11:54:07 EDT" duration-ms="4239" status="PASS">
          <reporter-output>
          </reporter-output>
        </test-method> <!-- loginWithValidCredentials -->
        <test-method is-config="true" signature="tearDown()[pri:0, instance:com.Tests.LoginPageTest@1ae67cad]" started-at="2024-10-19T11:54:07 EDT" name="tearDown" finished-at="2024-10-19T11:54:07 EDT" duration-ms="701" status="PASS">
          <reporter-output>
          </reporter-output>
        </test-method> <!-- tearDown -->
      </class> <!-- com.Tests.LoginPageTest -->
    </test> <!-- Login Functionalities -->
  </suite> <!-- Anika Hijab Automation Suit -->
</testng-results>
