<?xml version="1.0" encoding="UTF-8"?>
<testsuite xmlns:xsi="http://www.w3.org/2001/XMLSchema-instance" xsi:noNamespaceSchemaLocation="https://maven.apache.org/surefire/maven-surefire-plugin/xsd/surefire-test-report-3.0.xsd" version="3.0" name="TestSuite" time="64.265" tests="15" errors="0" skipped="0" failures="0">
  <properties>
[...]
</properties>
  <testcase name="pageTitleTest" classname="com.Tests.HomePageTest" time="0.098">
    <system-out><![CDATA[The Page Title is : Anika Hijab - Scarf For Woman Hijab/Chiffon Scarf And Magnet pin
]]></system-out>
    <system-err><![CDATA[SLF4J: No SLF4J providers were found.
SLF4J: Defaulting to no-operation (NOP) logger implementation
SLF4J: See https://www.slf4j.org/codes.html#noProviders for further details.
Sep 10, 2024 3:34:57 PM org.openqa.selenium.devtools.CdpVersionFinder findNearestMatch
WARNING: Unable to find CDP implementation matching 128
Sep 10, 2024 3:34:57 PM org.openqa.selenium.chromium.ChromiumDriver lambda$new$5
WARNING: Unable to find version of CDP to use for 128.0.6613.120. You may need to include a dependency on a specific version of the CDP using something similar to `org.seleniumhq.selenium:selenium-devtools-v86:4.11.0` where the version ("v86") matches the version of the chromium-based browser you're using and the version number of the artifact is the same as Selenium's.
]]></system-err>
  </testcase>
  <testcase name="headerManueListTest" classname="com.Tests.HomePageTest" time="1.734">
    <system-out><![CDATA[Driver is closed
List of Items ar: Home
All Products
Scarf
Under Cap
Scarf Pin
About
Contact
Account 
Is Available.
Screenshot has taken and ready to view ....
]]></system-out>
    <system-err><![CDATA[Sep 10, 2024 3:35:01 PM org.openqa.selenium.devtools.CdpVersionFinder findNearestMatch
WARNING: Unable to find CDP implementation matching 128
Sep 10, 2024 3:35:01 PM org.openqa.selenium.chromium.ChromiumDriver lambda$new$5
WARNING: Unable to find version of CDP to use for 128.0.6613.120. You may need to include a dependency on a specific version of the CDP using something similar to `org.seleniumhq.selenium:selenium-devtools-v86:4.11.0` where the version ("v86") matches the version of the chromium-based browser you're using and the version number of the artifact is the same as Selenium's.
]]></system-err>
  </testcase>
  <testcase name="homeManueDisplayTest" classname="com.Tests.HomePageTest" time="0.277">
    <system-out><![CDATA[Driver is closed
Home is Displayed. 
]]></system-out>
    <system-err><![CDATA[Sep 10, 2024 3:35:07 PM org.openqa.selenium.devtools.CdpVersionFinder findNearestMatch
WARNING: Unable to find CDP implementation matching 128
Sep 10, 2024 3:35:07 PM org.openqa.selenium.chromium.ChromiumDriver lambda$new$5
WARNING: Unable to find version of CDP to use for 128.0.6613.120. You may need to include a dependency on a specific version of the CDP using something similar to `org.seleniumhq.selenium:selenium-devtools-v86:4.11.0` where the version ("v86") matches the version of the chromium-based browser you're using and the version number of the artifact is the same as Selenium's.
]]></system-err>
  </testcase>
  <testcase name="productsMenueDisplayTest" classname="com.Tests.HomePageTest" time="0.241">
    <system-out><![CDATA[Driver is closed
All Products is Displayed. 
]]></system-out>
    <system-err><![CDATA[Sep 10, 2024 3:35:12 PM org.openqa.selenium.devtools.CdpVersionFinder findNearestMatch
WARNING: Unable to find CDP implementation matching 128
Sep 10, 2024 3:35:12 PM org.openqa.selenium.chromium.ChromiumDriver lambda$new$5
WARNING: Unable to find version of CDP to use for 128.0.6613.120. You may need to include a dependency on a specific version of the CDP using something similar to `org.seleniumhq.selenium:selenium-devtools-v86:4.11.0` where the version ("v86") matches the version of the chromium-based browser you're using and the version number of the artifact is the same as Selenium's.
]]></system-err>
  </testcase>
  <testcase name="scarfManuDisplayTest" classname="com.Tests.HomePageTest" time="0.192">
    <system-out><![CDATA[Driver is closed
Scarf is Displayed. 
]]></system-out>
    <system-err><![CDATA[Sep 10, 2024 3:35:15 PM org.openqa.selenium.devtools.CdpVersionFinder findNearestMatch
WARNING: Unable to find CDP implementation matching 128
Sep 10, 2024 3:35:15 PM org.openqa.selenium.chromium.ChromiumDriver lambda$new$5
WARNING: Unable to find version of CDP to use for 128.0.6613.120. You may need to include a dependency on a specific version of the CDP using something similar to `org.seleniumhq.selenium:selenium-devtools-v86:4.11.0` where the version ("v86") matches the version of the chromium-based browser you're using and the version number of the artifact is the same as Selenium's.
]]></system-err>
  </testcase>
  <testcase name="underCapManuDisplayTest" classname="com.Tests.HomePageTest" time="0.281">
    <system-out><![CDATA[Driver is closed
Under Cap is Displayed. 
]]></system-out>
    <system-err><![CDATA[Sep 10, 2024 3:35:19 PM org.openqa.selenium.devtools.CdpVersionFinder findNearestMatch
WARNING: Unable to find CDP implementation matching 128
Sep 10, 2024 3:35:19 PM org.openqa.selenium.chromium.ChromiumDriver lambda$new$5
WARNING: Unable to find version of CDP to use for 128.0.6613.120. You may need to include a dependency on a specific version of the CDP using something similar to `org.seleniumhq.selenium:selenium-devtools-v86:4.11.0` where the version ("v86") matches the version of the chromium-based browser you're using and the version number of the artifact is the same as Selenium's.
]]></system-err>
  </testcase>
  <testcase name="scarfPinManuDisplayTest" classname="com.Tests.HomePageTest" time="0.241">
    <system-out><![CDATA[Driver is closed
Scarf Pin is Displayed. 
]]></system-out>
    <system-err><![CDATA[Sep 10, 2024 3:35:23 PM org.openqa.selenium.devtools.CdpVersionFinder findNearestMatch
WARNING: Unable to find CDP implementation matching 128
Sep 10, 2024 3:35:23 PM org.openqa.selenium.chromium.ChromiumDriver lambda$new$5
WARNING: Unable to find version of CDP to use for 128.0.6613.120. You may need to include a dependency on a specific version of the CDP using something similar to `org.seleniumhq.selenium:selenium-devtools-v86:4.11.0` where the version ("v86") matches the version of the chromium-based browser you're using and the version number of the artifact is the same as Selenium's.
]]></system-err>
  </testcase>
  <testcase name="aboutMenueDisplayTest" classname="com.Tests.HomePageTest" time="0.199">
    <system-out><![CDATA[Driver is closed
About is Displayed. 
]]></system-out>
    <system-err><![CDATA[Sep 10, 2024 3:35:27 PM org.openqa.selenium.devtools.CdpVersionFinder findNearestMatch
WARNING: Unable to find CDP implementation matching 128
Sep 10, 2024 3:35:27 PM org.openqa.selenium.chromium.ChromiumDriver lambda$new$5
WARNING: Unable to find version of CDP to use for 128.0.6613.120. You may need to include a dependency on a specific version of the CDP using something similar to `org.seleniumhq.selenium:selenium-devtools-v86:4.11.0` where the version ("v86") matches the version of the chromium-based browser you're using and the version number of the artifact is the same as Selenium's.
]]></system-err>
  </testcase>
  <testcase name="contactMenueDisplayTest" classname="com.Tests.HomePageTest" time="0.407">
    <system-out><![CDATA[Driver is closed
Contact is Displayed. 
]]></system-out>
    <system-err><![CDATA[Sep 10, 2024 3:35:30 PM org.openqa.selenium.devtools.CdpVersionFinder findNearestMatch
WARNING: Unable to find CDP implementation matching 128
Sep 10, 2024 3:35:30 PM org.openqa.selenium.chromium.ChromiumDriver lambda$new$5
WARNING: Unable to find version of CDP to use for 128.0.6613.120. You may need to include a dependency on a specific version of the CDP using something similar to `org.seleniumhq.selenium:selenium-devtools-v86:4.11.0` where the version ("v86") matches the version of the chromium-based browser you're using and the version number of the artifact is the same as Selenium's.
]]></system-err>
  </testcase>
  <testcase name="pageTitleTest" classname="com.Tests.AllProductsPageTest" time="0.178">
    <system-out><![CDATA[Driver is closed
The Page Title is : Shop - Anika Hijab
]]></system-out>
    <system-err><![CDATA[Sep 10, 2024 3:35:34 PM org.openqa.selenium.devtools.CdpVersionFinder findNearestMatch
WARNING: Unable to find CDP implementation matching 128
Sep 10, 2024 3:35:34 PM org.openqa.selenium.chromium.ChromiumDriver lambda$new$5
WARNING: Unable to find version of CDP to use for 128.0.6613.120. You may need to include a dependency on a specific version of the CDP using something similar to `org.seleniumhq.selenium:selenium-devtools-v86:4.11.0` where the version ("v86") matches the version of the chromium-based browser you're using and the version number of the artifact is the same as Selenium's.
]]></system-err>
  </testcase>
  <testcase name="selectByCategoryTest" classname="com.Tests.AllProductsPageTest" time="0.653">
    <system-out><![CDATA[Driver is closed
List Of Items ar: 
Default sorting
Sort by popularity
Sort by average rating
Sort by latest
Sort by price: low to high
Sort by price: high to low
Selected with following cetegory: Sort by price: low to high
Screenshot has taken and ready to view ....
Screenshot has taken taken.
]]></system-out>
    <system-err><![CDATA[Sep 10, 2024 3:35:39 PM org.openqa.selenium.devtools.CdpVersionFinder findNearestMatch
WARNING: Unable to find CDP implementation matching 128
Sep 10, 2024 3:35:39 PM org.openqa.selenium.chromium.ChromiumDriver lambda$new$5
WARNING: Unable to find version of CDP to use for 128.0.6613.120. You may need to include a dependency on a specific version of the CDP using something similar to `org.seleniumhq.selenium:selenium-devtools-v86:4.11.0` where the version ("v86") matches the version of the chromium-based browser you're using and the version number of the artifact is the same as Selenium's.
]]></system-err>
  </testcase>
  <testcase name="showingProductsCount" classname="com.Tests.AllProductsPageTest" time="0.283">
    <system-out><![CDATA[Driver is closed
Showing result as : Showing 1–9 of 14 results
Screenshot has taken and ready to view ....
Screenshot has taken taken.
]]></system-out>
    <system-err><![CDATA[Sep 10, 2024 3:35:43 PM org.openqa.selenium.devtools.CdpVersionFinder findNearestMatch
WARNING: Unable to find CDP implementation matching 128
Sep 10, 2024 3:35:43 PM org.openqa.selenium.chromium.ChromiumDriver lambda$new$5
WARNING: Unable to find version of CDP to use for 128.0.6613.120. You may need to include a dependency on a specific version of the CDP using something similar to `org.seleniumhq.selenium:selenium-devtools-v86:4.11.0` where the version ("v86") matches the version of the chromium-based browser you're using and the version number of the artifact is the same as Selenium's.
]]></system-err>
  </testcase>
  <testcase name="displayedItemTest" classname="com.Tests.AllProductsPageTest" time="0.162">
    <system-out><![CDATA[Driver is closed
Total Item found as : 9
Validation passed with : 9
]]></system-out>
    <system-err><![CDATA[Sep 10, 2024 3:35:48 PM org.openqa.selenium.devtools.CdpVersionFinder findNearestMatch
WARNING: Unable to find CDP implementation matching 128
Sep 10, 2024 3:35:48 PM org.openqa.selenium.chromium.ChromiumDriver lambda$new$5
WARNING: Unable to find version of CDP to use for 128.0.6613.120. You may need to include a dependency on a specific version of the CDP using something similar to `org.seleniumhq.selenium:selenium-devtools-v86:4.11.0` where the version ("v86") matches the version of the chromium-based browser you're using and the version number of the artifact is the same as Selenium's.
]]></system-err>
  </testcase>
  <testcase name="firstPageValidationTest" classname="com.Tests.AllProductsPageTest" time="0.364">
    <system-out><![CDATA[Driver is closed
Total Item found as : 9
Showing result as : Showing 1–9 of 14 results
Screenshot has taken and ready to view ....
Screenshot has taken taken.
]]></system-out>
    <system-err><![CDATA[Sep 10, 2024 3:35:52 PM org.openqa.selenium.devtools.CdpVersionFinder findNearestMatch
WARNING: Unable to find CDP implementation matching 128
Sep 10, 2024 3:35:52 PM org.openqa.selenium.chromium.ChromiumDriver lambda$new$5
WARNING: Unable to find version of CDP to use for 128.0.6613.120. You may need to include a dependency on a specific version of the CDP using something similar to `org.seleniumhq.selenium:selenium-devtools-v86:4.11.0` where the version ("v86") matches the version of the chromium-based browser you're using and the version number of the artifact is the same as Selenium's.
]]></system-err>
  </testcase>
  <testcase name="secondPageValidationTest" classname="com.Tests.AllProductsPageTest" time="0.537">
    <system-out><![CDATA[Driver is closed
Total Item found as : 5
Showing result as : Showing 10–14 of 14 results
Screenshot has taken and ready to view ....
Screenshot has taken taken.
]]></system-out>
    <system-err><![CDATA[Sep 10, 2024 3:35:56 PM org.openqa.selenium.devtools.CdpVersionFinder findNearestMatch
WARNING: Unable to find CDP implementation matching 128
Sep 10, 2024 3:35:56 PM org.openqa.selenium.chromium.ChromiumDriver lambda$new$5
WARNING: Unable to find version of CDP to use for 128.0.6613.120. You may need to include a dependency on a specific version of the CDP using something similar to `org.seleniumhq.selenium:selenium-devtools-v86:4.11.0` where the version ("v86") matches the version of the chromium-based browser you're using and the version number of the artifact is the same as Selenium's.
]]></system-err>
  </testcase>
</testsuite>