<?xml version="1.0" encoding="UTF-8"?>
<testsuite xmlns:xsi="http://www.w3.org/2001/XMLSchema-instance" xsi:noNamespaceSchemaLocation="https://maven.apache.org/surefire/maven-surefire-plugin/xsd/surefire-test-report-3.0.xsd" version="3.0" name="TestSuite" time="106.104" tests="17" errors="0" skipped="0" failures="0">
  <properties>
[...]
</properties>
  <testcase name="pageTitleTest" classname="com.Tests.HomePageTest" time="0.034">
    <system-out><![CDATA[The Page Title is : Anika Hijab - Scarf For Woman Hijab/Chiffon Scarf And Magnet pin
]]></system-out>
    <system-err><![CDATA[SLF4J: No SLF4J providers were found.
SLF4J: Defaulting to no-operation (NOP) logger implementation
SLF4J: See https://www.slf4j.org/codes.html#noProviders for further details.
]]></system-err>
  </testcase>
  <testcase name="headerManueListTest" classname="com.Tests.HomePageTest" time="0.622">
    <system-out><![CDATA[Driver is closed
List of Items ar: Home
All Products
Scarf
Under Cap
Scarf Pin
About
Contact
Account 
Is Available.
Screenshot has taken and ready to view ....
]]></system-out>
  </testcase>
  <testcase name="homeManueDisplayTest" classname="com.Tests.HomePageTest" time="0.058">
    <system-out><![CDATA[Driver is closed
Home is Displayed. 
]]></system-out>
  </testcase>
  <testcase name="productsMenueDisplayTest" classname="com.Tests.HomePageTest" time="0.12">
    <system-out><![CDATA[Driver is closed
All Products is Displayed. 
]]></system-out>
  </testcase>
  <testcase name="scarfManuDisplayTest" classname="com.Tests.HomePageTest" time="0.067">
    <system-out><![CDATA[Driver is closed
Scarf is Displayed. 
]]></system-out>
  </testcase>
  <testcase name="underCapManuDisplayTest" classname="com.Tests.HomePageTest" time="0.074">
    <system-out><![CDATA[Driver is closed
Under Cap is Displayed. 
]]></system-out>
  </testcase>
  <testcase name="scarfPinManuDisplayTest" classname="com.Tests.HomePageTest" time="0.077">
    <system-out><![CDATA[Driver is closed
Scarf Pin is Displayed. 
]]></system-out>
  </testcase>
  <testcase name="aboutMenueDisplayTest" classname="com.Tests.HomePageTest" time="0.084">
    <system-out><![CDATA[Driver is closed
About is Displayed. 
]]></system-out>
  </testcase>
  <testcase name="contactMenueDisplayTest" classname="com.Tests.HomePageTest" time="0.087">
    <system-out><![CDATA[Driver is closed
Contact is Displayed. 
]]></system-out>
  </testcase>
  <testcase name="pageTitleTest" classname="com.Tests.AllProductsPageTest" time="0.004">
    <system-out><![CDATA[Driver is closed
The Page Title is : Shop - Anika Hijab
]]></system-out>
  </testcase>
  <testcase name="selectByCategoryTest" classname="com.Tests.AllProductsPageTest" time="0.491">
    <system-out><![CDATA[Driver is closed
List Of Items ar: 
Default sorting
Sort by popularity
Sort by average rating
Sort by latest
Sort by price: low to high
Sort by price: high to low
Selected with following cetegory: Sort by price: low to high
Screenshot has taken and ready to view ....
Screenshot has taken taken.
]]></system-out>
  </testcase>
  <testcase name="showingProductsCount" classname="com.Tests.AllProductsPageTest" time="0.019">
    <system-out><![CDATA[Driver is closed
Showing result as : Showing 1–9 of 14 results
Screenshot has taken and ready to view ....
Screenshot has taken taken.
]]></system-out>
  </testcase>
  <testcase name="displayedItemTest" classname="com.Tests.AllProductsPageTest" time="0.006">
    <system-out><![CDATA[Driver is closed
Total Item found as : 9
Validation passed with : 9
]]></system-out>
  </testcase>
  <testcase name="firstPageValidationTest" classname="com.Tests.AllProductsPageTest" time="0.239">
    <system-out><![CDATA[Driver is closed
Total Item found as : 9
Showing result as : Showing 1–9 of 14 results
Screenshot has taken and ready to view ....
Screenshot has taken taken.
]]></system-out>
  </testcase>
  <testcase name="secondPageValidationTest" classname="com.Tests.AllProductsPageTest" time="0.307">
    <system-out><![CDATA[Driver is closed
Total Item found as : 5
Showing result as : Showing 10–14 of 14 results
Screenshot has taken and ready to view ....
Screenshot has taken taken.
]]></system-out>
  </testcase>
  <testcase name="pageTitleTest" classname="com.Tests.LoginPageTest" time="0.007">
    <system-out><![CDATA[Driver is closed
The Page Title is : My account - Anika Hijab
]]></system-out>
  </testcase>
  <testcase name="loginWithValidCredentials" classname="com.Tests.LoginPageTest" time="4.24">
    <system-out><![CDATA[Driver is closed
It was Displayed previously and click on it.
Found as expected value : Hello khosru.nyc@gmail.com (not khosru.nyc@gmail.com? Log out)
Screenshot has taken and ready to view ....
Successfully Log out and Back to the SignIn Page.
Login my account page as : My account
]]></system-out>
  </testcase>
</testsuite>