<?xml version="1.0" encoding="UTF-8"?>
<testng-results ignored="0" total="2" passed="2" failed="0" skipped="0">
  <reporter-output>
  </reporter-output>
  <suite started-at="2024-09-17T21:58:03 EDT" name="Anika Hijab Automation Suit" finished-at="2024-09-17T21:58:21 EDT" duration-ms="18379">
    <groups>
      <group name="Sanity Test">
        <method signature="LoginPageTest.pageTitleTest()[pri:0, instance:com.Tests.LoginPageTest@4c398c80]" name="pageTitleTest" class="com.Tests.LoginPageTest"/>
      </group> <!-- Sanity Test -->
      <group name="Regression Test">
        <method signature="LoginPageTest.loginWithValidCredentials()[pri:1, instance:com.Tests.LoginPageTest@4c398c80]" name="loginWithValidCredentials" class="com.Tests.LoginPageTest"/>
      </group> <!-- Regression Test -->
    </groups>
    <test started-at="2024-09-17T21:58:03 EDT" name="Login Functionalities" finished-at="2024-09-17T21:58:21 EDT" duration-ms="18379">
      <class name="com.Tests.LoginPageTest">
        <test-method is-config="true" signature="tearUp()[pri:0, instance:com.Tests.LoginPageTest@4c398c80]" started-at="2024-09-17T21:58:03 EDT" name="tearUp" finished-at="2024-09-17T21:58:12 EDT" duration-ms="8887" status="PASS">
          <reporter-output>
          </reporter-output>
        </test-method> <!-- tearUp -->
        <test-method signature="pageTitleTest()[pri:0, instance:com.Tests.LoginPageTest@4c398c80]" started-at="2024-09-17T21:58:12 EDT" name="pageTitleTest" finished-at="2024-09-17T21:58:12 EDT" duration-ms="77" status="PASS">
          <reporter-output>
          </reporter-output>
        </test-method> <!-- pageTitleTest -->
        <test-method is-config="true" signature="tearDown()[pri:0, instance:com.Tests.LoginPageTest@4c398c80]" started-at="2024-09-17T21:58:12 EDT" name="tearDown" finished-at="2024-09-17T21:58:12 EDT" duration-ms="122" status="PASS">
          <reporter-output>
          </reporter-output>
        </test-method> <!-- tearDown -->
        <test-method is-config="true" signature="tearUp()[pri:0, instance:com.Tests.LoginPageTest@4c398c80]" started-at="2024-09-17T21:58:12 EDT" name="tearUp" finished-at="2024-09-17T21:58:17 EDT" duration-ms="5034" status="PASS">
          <reporter-output>
          </reporter-output>
        </test-method> <!-- tearUp -->
        <test-method signature="loginWithValidCredentials()[pri:1, instance:com.Tests.LoginPageTest@4c398c80]" started-at="2024-09-17T21:58:17 EDT" name="loginWithValidCredentials" finished-at="2024-09-17T21:58:21 EDT" duration-ms="3910" status="PASS">
          <reporter-output>
          </reporter-output>
        </test-method> <!-- loginWithValidCredentials -->
        <test-method is-config="true" signature="tearDown()[pri:0, instance:com.Tests.LoginPageTest@4c398c80]" started-at="2024-09-17T21:58:21 EDT" name="tearDown" finished-at="2024-09-17T21:58:21 EDT" duration-ms="109" status="PASS">
          <reporter-output>
          </reporter-output>
        </test-method> <!-- tearDown -->
      </class> <!-- com.Tests.LoginPageTest -->
    </test> <!-- Login Functionalities -->
  </suite> <!-- Anika Hijab Automation Suit -->
</testng-results>
