<?xml version="1.0" encoding="UTF-8"?>
<!-- Generated by org.testng.reporters.JUnitXMLReporter -->
<testsuite ignored="1" hostname="Khosruzs-MacBook-Pro.local" failures="0" tests="9" name="Home Page Functionalities" time="56.488" errors="0" timestamp="2024-10-18T16:33:30 EDT">
  <testcase classname="com.Tests.HomePageTest" name="pageTitleTest" time="0.028"/>
  <testcase classname="com.Tests.HomePageTest" name="headerManueListTest" time="0.609"/>
  <testcase classname="com.Tests.HomePageTest" name="homeManueDisplayTest" time="0.062"/>
  <testcase classname="com.Tests.HomePageTest" name="productsMenueDisplayTest" time="0.063"/>
  <testcase classname="com.Tests.HomePageTest" name="scarfManuDisplayTest" time="0.064"/>
  <testcase classname="com.Tests.HomePageTest" name="underCapManuDisplayTest" time="0.071"/>
  <testcase classname="com.Tests.HomePageTest" name="scarfPinManuDisplayTest" time="0.078"/>
  <testcase classname="com.Tests.HomePageTest" name="aboutMenueDisplayTest" time="0.075"/>
  <testcase classname="com.Tests.HomePageTest" name="contactMenueDisplayTest" time="0.087"/>
  <testcase classname="com.Tests.HomePageTest" name="accountListTest" time="0.0">
    <ignored/>
  </testcase> <!-- accountListTest -->
</testsuite> <!-- Home Page Functionalities -->
