<?xml version="1.0" encoding="UTF-8"?>
<!-- Generated by org.testng.reporters.JUnitXMLReporter -->
<testsuite ignored="1" hostname="Khosruzs-MacBook-Pro.local" failures="0" tests="9" name="Home Page Functions" time="33.586" errors="0" timestamp="2024-09-08T15:10:38 EDT">
  <testcase classname="com.Tests.HomePageTest" name="pageTitleTest" time="0.028"/>
  <testcase classname="com.Tests.HomePageTest" name="headerManueListTest" time="1.305"/>
  <testcase classname="com.Tests.HomePageTest" name="homeManueDisplayTest" time="0.085"/>
  <testcase classname="com.Tests.HomePageTest" name="productsMenueDisplayTest" time="0.07"/>
  <testcase classname="com.Tests.HomePageTest" name="scarfManuDisplayTest" time="0.074"/>
  <testcase classname="com.Tests.HomePageTest" name="underCapManuDisplayTest" time="0.065"/>
  <testcase classname="com.Tests.HomePageTest" name="scarfPinManuDisplayTest" time="0.072"/>
  <testcase classname="com.Tests.HomePageTest" name="aboutMenueDisplayTest" time="0.067"/>
  <testcase classname="com.Tests.HomePageTest" name="contactMenueDisplayTest" time="0.071"/>
  <testcase classname="com.Tests.HomePageTest" name="accountListTest" time="0.0">
    <ignored/>
  </testcase> <!-- accountListTest -->
</testsuite> <!-- Home Page Functions -->
