<?xml version="1.0" encoding="UTF-8"?>
<!-- Generated by org.testng.reporters.JUnitXMLReporter -->
<testsuite ignored="0" hostname="Khosruzs-MacBook-Pro.local" failures="0" tests="2" name="Products Page Functions" time="6.853" errors="0" timestamp="2024-09-08T14:54:55 EDT">
  <testcase classname="com.Tests.AllProductsPageTest" name="pageTitleTest" time="0.019"/>
  <testcase classname="com.Tests.AllProductsPageTest" name="selectByCategoryTest" time="0.0">
    <skipped/>
  </testcase> <!-- selectByCategoryTest -->
</testsuite> <!-- Products Page Functions -->
