<?xml version="1.0" encoding="UTF-8"?>
<!-- Generated by org.testng.reporters.JUnitXMLReporter -->
<testsuite ignored="0" hostname="Khosruzs-MacBook-Pro.local" failures="0" tests="6" name="Products Page" time="28.138" errors="0" timestamp="2024-09-17T20:16:43 EDT">
  <testcase classname="com.Tests.AllProductsPageTest" name="displayedItemTest" time="0.067"/>
  <testcase classname="com.Tests.AllProductsPageTest" name="firstPageValidationTest" time="0.274"/>
  <testcase classname="com.Tests.AllProductsPageTest" name="pageTitleTest" time="0.022"/>
  <testcase classname="com.Tests.AllProductsPageTest" name="secondPageValidationTest" time="0.488"/>
  <testcase classname="com.Tests.AllProductsPageTest" name="selectByCategoryTest" time="0.665"/>
  <testcase classname="com.Tests.AllProductsPageTest" name="showingProductsCount" time="0.299"/>
</testsuite> <!-- Products Page -->
