<?xml version="1.0" encoding="UTF-8"?>
<!-- Generated by org.testng.reporters.JUnitXMLReporter -->
<testsuite ignored="0" hostname="Khosruzs-MacBook-Pro.local" failures="0" tests="6" name="Products Page Functionalities" time="36.19" errors="0" timestamp="2024-10-18T16:34:06 EDT">
  <testcase classname="com.Tests.AllProductsPageTest" name="pageTitleTest" time="0.003"/>
  <testcase classname="com.Tests.AllProductsPageTest" name="selectByCategoryTest" time="2.004"/>
  <testcase classname="com.Tests.AllProductsPageTest" name="showingProductsCount" time="0.018"/>
  <testcase classname="com.Tests.AllProductsPageTest" name="displayedItemTest" time="0.007"/>
  <testcase classname="com.Tests.AllProductsPageTest" name="firstPageValidationTest" time="0.248"/>
  <testcase classname="com.Tests.AllProductsPageTest" name="secondPageValidationTest" time="0.311"/>
</testsuite> <!-- Products Page Functionalities -->
